=== START empty 2019-06-05 11:11:09 ===
Datos de WooCommerce eliminados
Datos predeterminados de WooCommerce creados
Contenido de WordPress eliminado
=== END empty 2019-06-05 11:11:10 ===

=== START import 2019-06-05 11:11:21 ===
Conectado con éxito a la base de datos PrestaShop
Datos de PrestaShop encontrados:
385 productos
16 categorías productos
9 artículos del CMS
1 categoría CMS
2 empleados
732 clientes
6 pedidos

[WARNING] Tu base de datos de PrestaShop contiene varios clientes. Necesitas la <a href="https://www.fredericgilles.net/fg-prestashop-to-woocommerce/" target="_blank">versión Premium</a> para importarlos.
[WARNING] Tu base de datos de PrestaShop contiene algunos atributos. Necesitas la <a href="https://www.fredericgilles.net/fg-prestashop-to-woocommerce/" target="_blank">versión Premium</a> para importarlos.
[WARNING] Tu base de datos de PrestaShop contiene algunos pedidos. Necesitas la <a href="https://www.fredericgilles.net/fg-prestashop-to-woocommerce/" target="_blank">versión Premium</a> para importarlos.
[WARNING] Tu base de datos de PrestaShop contiene varios idiomas. Necesitas la <a href="https://www.fredericgilles.net/fg-prestashop-to-woocommerce/" target="_blank">versión Premium</a> y el <a href="https://www.fredericgilles.net/fg-prestashop-to-woocommerce/wpml/" target="_blank">Extensión WPML</a> para importarlos.
Importando categorías de CMS...
1 categoría importada
Importando artículos del CMS...
9 artículos importados
0 etiquetas importadas
Importando categorías de productos...
16 categorías de productos importados
Importando productos...
385 productos importados
0 medios importados
IMPORT COMPLETED
=== END import 2019-06-05 11:13:51 ===

